commit 443af8bbc5bae4ef6a019b8fab1b99e495d57854
Author: Sanju George Sam <sanju.george@hpe.com>
Date:   Thu Oct 27 21:19:10 2016 -0600

    Adding test resources.

commit f03ba3f2369e7204a4b91f4610b503f2bdbc774f
Author: Sanju George Sam <sanjusam@colostate.edu>
Date:   Thu Oct 27 21:18:34 2016 -0600

    Commit after refactoring and adding more tests

commit b59a45b41b12003f7b3f583ff1f11b5336991f88
Author: Sanju George Sam <sanjusam@colostate.edu>
Date:   Wed Oct 26 21:24:04 2016 -0600

    Modifications..

commit a2e056e7c4c3e9b32ac55f0f4404478b031470a7
Author: Sanju George Sam <sanjusam@colostate.edu>
Date:   Wed Oct 26 21:23:29 2016 -0600

    Multple modifications.

commit cda44931bafec988ac2c781bca34a93d7e771baf
Author: Sanju George Sam <sanjusam@colostate.edu>
Date:   Wed Oct 26 00:49:16 2016 -0600

    GUI Changes

commit 4a58804069a5a46824f91bde9d25d893629b544c
Author: Sanju George Sam <sanjusam@colostate.edu>
Date:   Mon Oct 24 22:26:06 2016 -0600

    Added the exit cases and the intergration test.

commit 56ec15fc89bf059f939caf553baa1446c3bde87d
Author: Sanju George Sam <sanju.george@hpe.com>
Date:   Sun Oct 23 23:48:56 2016 -0600

    Round 2 A4

commit 64a43c0012fc37c906fc545f29263fd0d77934db
Author: Sanju George Sam <sanjusam@colostate.edu>
Date:   Sat Oct 22 19:37:39 2016 -0600

    Commit for assignment A4 -- implemented garage entry

commit 10cf2f35a44efbecc22982c7d4aef755fb624bed
Author: Sanju George Sam <sanju.george@hpe.com>
Date:   Sat Oct 22 18:53:40 2016 -0600

    first commit
